<?xml version="1.0" encoding="UTF-8"?>
<!-- Generated by org.testng.reporters.JUnitReportReporter -->
<testsuite hostname="cccabfdaefdafddfddddfccbccdbcaaeaa-0" failures="0" tests="3" name="com.example.FirstTest" time="3.615" errors="0" timestamp="2023-08-05T13:23:04 UTC" skipped="0">
  <testcase classname="com.example.FirstTest" name="testcase_1" time="2.217"/>
  <system-out/>
  <testcase classname="com.example.FirstTest" name="testcase_3" time="0.529"/>
  <system-out/>
  <testcase classname="com.example.FirstTest" name="testcase_2" time="0.869"/>
  <system-out/>
</testsuite> <!-- com.example.FirstTest -->
